<?xml version="1.0" encoding="UTF-8"?>
<testsuite xmlns:xsi="http://www.w3.org/2001/XMLSchema-instance" xsi:noNamespaceSchemaLocation="https://maven.apache.org/surefire/maven-surefire-plugin/xsd/surefire-test-report-3.0.xsd" version="3.0" name="TestSuite" time="89.13" tests="7" errors="0" skipped="1" failures="1">
  <properties>
    <property name="java.specification.version" value="22"/>
    <property name="sun.cpu.isalist" value="amd64"/>
    <property name="sun.jnu.encoding" value="Cp1252"/>
    <property name="java.class.path" value="H:\Users\shaki\eclipse-workspace\SeleniumProject1\target\test-classes;H:\Users\shaki\eclipse-workspace\SeleniumProject1\target\classes;H:\Users\shaki\.m2\repository\org\seleniumhq\selenium\selenium-java\4.25.0\selenium-java-4.25.0.jar;H:\Users\shaki\.m2\repository\org\seleniumhq\selenium\selenium-api\4.25.0\selenium-api-4.25.0.jar;H:\Users\shaki\.m2\repository\org\jspecify\jspecify\1.0.0\jspecify-1.0.0.jar;H:\Users\shaki\.m2\repository\org\seleniumhq\selenium\selenium-chrome-driver\4.25.0\selenium-chrome-driver-4.25.0.jar;H:\Users\shaki\.m2\repository\com\google\auto\service\auto-service-annotations\1.1.1\auto-service-annotations-1.1.1.jar;H:\Users\shaki\.m2\repository\org\seleniumhq\selenium\selenium-chromium-driver\4.25.0\selenium-chromium-driver-4.25.0.jar;H:\Users\shaki\.m2\repository\org\seleniumhq\selenium\selenium-json\4.25.0\selenium-json-4.25.0.jar;H:\Users\shaki\.m2\repository\org\seleniumhq\selenium\selenium-manager\4.25.0\selenium-manager-4.25.0.jar;H:\Users\shaki\.m2\repository\org\seleniumhq\selenium\selenium-devtools-v127\4.25.0\selenium-devtools-v127-4.25.0.jar;H:\Users\shaki\.m2\repository\org\seleniumhq\selenium\selenium-devtools-v128\4.25.0\selenium-devtools-v128-4.25.0.jar;H:\Users\shaki\.m2\repository\org\seleniumhq\selenium\selenium-devtools-v129\4.25.0\selenium-devtools-v129-4.25.0.jar;H:\Users\shaki\.m2\repository\org\seleniumhq\selenium\selenium-devtools-v85\4.25.0\selenium-devtools-v85-4.25.0.jar;H:\Users\shaki\.m2\repository\org\seleniumhq\selenium\selenium-edge-driver\4.25.0\selenium-edge-driver-4.25.0.jar;H:\Users\shaki\.m2\repository\org\seleniumhq\selenium\selenium-firefox-driver\4.25.0\selenium-firefox-driver-4.25.0.jar;H:\Users\shaki\.m2\repository\org\seleniumhq\selenium\selenium-http\4.25.0\selenium-http-4.25.0.jar;H:\Users\shaki\.m2\repository\dev\failsafe\failsafe\3.3.2\failsafe-3.3.2.jar;H:\Users\shaki\.m2\repository\org\seleniumhq\selenium\selenium-ie-driver\4.25.0\selenium-ie-driver-4.25.0.jar;H:\Users\shaki\.m2\repository\org\seleniumhq\selenium\selenium-remote-driver\4.25.0\selenium-remote-driver-4.25.0.jar;H:\Users\shaki\.m2\repository\com\google\guava\guava\33.3.0-jre\guava-33.3.0-jre.jar;H:\Users\shaki\.m2\repository\com\google\guava\failureaccess\1.0.2\failureaccess-1.0.2.jar;H:\Users\shaki\.m2\repository\com\google\guava\listenablefuture\9999.0-empty-to-avoid-conflict-with-guava\listenablefuture-9999.0-empty-to-avoid-conflict-with-guava.jar;H:\Users\shaki\.m2\repository\com\google\code\findbugs\jsr305\3.0.2\jsr305-3.0.2.jar;H:\Users\shaki\.m2\repository\org\checkerframework\checker-qual\3.43.0\checker-qual-3.43.0.jar;H:\Users\shaki\.m2\repository\com\google\errorprone\error_prone_annotations\2.28.0\error_prone_annotations-2.28.0.jar;H:\Users\shaki\.m2\repository\com\google\j2objc\j2objc-annotations\3.0.0\j2objc-annotations-3.0.0.jar;H:\Users\shaki\.m2\repository\io\opentelemetry\semconv\opentelemetry-semconv\1.25.0-alpha\opentelemetry-semconv-1.25.0-alpha.jar;H:\Users\shaki\.m2\repository\io\opentelemetry\opentelemetry-api\1.42.1\opentelemetry-api-1.42.1.jar;H:\Users\shaki\.m2\repository\io\opentelemetry\opentelemetry-context\1.42.1\opentelemetry-context-1.42.1.jar;H:\Users\shaki\.m2\repository\io\opentelemetry\opentelemetry-exporter-logging\1.42.1\opentelemetry-exporter-logging-1.42.1.jar;H:\Users\shaki\.m2\repository\io\opentelemetry\opentelemetry-sdk-common\1.42.1\opentelemetry-sdk-common-1.42.1.jar;H:\Users\shaki\.m2\repository\io\opentelemetry\opentelemetry-sdk-extension-autoconfigure-spi\1.42.1\opentelemetry-sdk-extension-autoconfigure-spi-1.42.1.jar;H:\Users\shaki\.m2\repository\io\opentelemetry\opentelemetry-sdk-extension-autoconfigure\1.42.1\opentelemetry-sdk-extension-autoconfigure-1.42.1.jar;H:\Users\shaki\.m2\repository\io\opentelemetry\opentelemetry-api-incubator\1.42.1-alpha\opentelemetry-api-incubator-1.42.1-alpha.jar;H:\Users\shaki\.m2\repository\io\opentelemetry\opentelemetry-sdk-trace\1.42.1\opentelemetry-sdk-trace-1.42.1.jar;H:\Users\shaki\.m2\repository\io\opentelemetry\opentelemetry-sdk\1.42.1\opentelemetry-sdk-1.42.1.jar;H:\Users\shaki\.m2\repository\io\opentelemetry\opentelemetry-sdk-metrics\1.42.1\opentelemetry-sdk-metrics-1.42.1.jar;H:\Users\shaki\.m2\repository\io\opentelemetry\opentelemetry-sdk-logs\1.42.1\opentelemetry-sdk-logs-1.42.1.jar;H:\Users\shaki\.m2\repository\net\bytebuddy\byte-buddy\1.15.1\byte-buddy-1.15.1.jar;H:\Users\shaki\.m2\repository\org\seleniumhq\selenium\selenium-os\4.25.0\selenium-os-4.25.0.jar;H:\Users\shaki\.m2\repository\org\apache\commons\commons-exec\1.4.0\commons-exec-1.4.0.jar;H:\Users\shaki\.m2\repository\org\seleniumhq\selenium\selenium-safari-driver\4.25.0\selenium-safari-driver-4.25.0.jar;H:\Users\shaki\.m2\repository\org\seleniumhq\selenium\selenium-support\4.25.0\selenium-support-4.25.0.jar;H:\Users\shaki\.m2\repository\org\testng\testng\7.8.0\testng-7.8.0.jar;H:\Users\shaki\.m2\repository\org\slf4j\slf4j-api\1.7.36\slf4j-api-1.7.36.jar;H:\Users\shaki\.m2\repository\com\beust\jcommander\1.82\jcommander-1.82.jar;H:\Users\shaki\.m2\repository\org\webjars\jquery\3.6.1\jquery-3.6.1.jar;H:\Users\shaki\.m2\repository\org\apache\poi\poi\5.2.3\poi-5.2.3.jar;H:\Users\shaki\.m2\repository\commons-codec\commons-codec\1.15\commons-codec-1.15.jar;H:\Users\shaki\.m2\repository\org\apache\commons\commons-collections4\4.4\commons-collections4-4.4.jar;H:\Users\shaki\.m2\repository\org\apache\commons\commons-math3\3.6.1\commons-math3-3.6.1.jar;H:\Users\shaki\.m2\repository\commons-io\commons-io\2.11.0\commons-io-2.11.0.jar;H:\Users\shaki\.m2\repository\com\zaxxer\SparseBitSet\1.2\SparseBitSet-1.2.jar;H:\Users\shaki\.m2\repository\org\apache\logging\log4j\log4j-api\2.18.0\log4j-api-2.18.0.jar;H:\Users\shaki\.m2\repository\org\apache\poi\poi-ooxml\5.2.3\poi-ooxml-5.2.3.jar;H:\Users\shaki\.m2\repository\org\apache\poi\poi-ooxml-lite\5.2.3\poi-ooxml-lite-5.2.3.jar;H:\Users\shaki\.m2\repository\org\apache\xmlbeans\xmlbeans\5.1.1\xmlbeans-5.1.1.jar;H:\Users\shaki\.m2\repository\org\apache\commons\commons-compress\1.21\commons-compress-1.21.jar;H:\Users\shaki\.m2\repository\com\github\virtuald\curvesapi\1.07\curvesapi-1.07.jar;"/>
    <property name="java.vm.vendor" value="Eclipse Adoptium"/>
    <property name="sun.arch.data.model" value="64"/>
    <property name="user.variant" value=""/>
    <property name="java.vendor.url" value="https://adoptium.net/"/>
    <property name="user.timezone" value="America/Toronto"/>
    <property name="os.name" value="Windows 11"/>
    <property name="java.vm.specification.version" value="22"/>
    <property name="sun.java.launcher" value="SUN_STANDARD"/>
    <property name="user.country" value="US"/>
    <property name="sun.boot.library.path" value="H:\Users\shaki\.p2\pool\plugins\org.eclipse.justj.openjdk.hotspot.jre.full.win32.x86_64_22.0.1.v20240426-1149\jre\bin"/>
    <property name="sun.java.command" value="H:\Users\shaki\AppData\Local\Temp\surefire11685538572567257443\surefirebooter-20241003192506660_3.jar H:\Users\shaki\AppData\Local\Temp\surefire11685538572567257443 2024-10-03T19-25-06_015-jvmRun1 surefire-20241003192506660_1tmp surefire_0-20241003192506660_2tmp"/>
    <property name="jdk.debug" value="release"/>
    <property name="surefire.test.class.path" value="H:\Users\shaki\eclipse-workspace\SeleniumProject1\target\test-classes;H:\Users\shaki\eclipse-workspace\SeleniumProject1\target\classes;H:\Users\shaki\.m2\repository\org\seleniumhq\selenium\selenium-java\4.25.0\selenium-java-4.25.0.jar;H:\Users\shaki\.m2\repository\org\seleniumhq\selenium\selenium-api\4.25.0\selenium-api-4.25.0.jar;H:\Users\shaki\.m2\repository\org\jspecify\jspecify\1.0.0\jspecify-1.0.0.jar;H:\Users\shaki\.m2\repository\org\seleniumhq\selenium\selenium-chrome-driver\4.25.0\selenium-chrome-driver-4.25.0.jar;H:\Users\shaki\.m2\repository\com\google\auto\service\auto-service-annotations\1.1.1\auto-service-annotations-1.1.1.jar;H:\Users\shaki\.m2\repository\org\seleniumhq\selenium\selenium-chromium-driver\4.25.0\selenium-chromium-driver-4.25.0.jar;H:\Users\shaki\.m2\repository\org\seleniumhq\selenium\selenium-json\4.25.0\selenium-json-4.25.0.jar;H:\Users\shaki\.m2\repository\org\seleniumhq\selenium\selenium-manager\4.25.0\selenium-manager-4.25.0.jar;H:\Users\shaki\.m2\repository\org\seleniumhq\selenium\selenium-devtools-v127\4.25.0\selenium-devtools-v127-4.25.0.jar;H:\Users\shaki\.m2\repository\org\seleniumhq\selenium\selenium-devtools-v128\4.25.0\selenium-devtools-v128-4.25.0.jar;H:\Users\shaki\.m2\repository\org\seleniumhq\selenium\selenium-devtools-v129\4.25.0\selenium-devtools-v129-4.25.0.jar;H:\Users\shaki\.m2\repository\org\seleniumhq\selenium\selenium-devtools-v85\4.25.0\selenium-devtools-v85-4.25.0.jar;H:\Users\shaki\.m2\repository\org\seleniumhq\selenium\selenium-edge-driver\4.25.0\selenium-edge-driver-4.25.0.jar;H:\Users\shaki\.m2\repository\org\seleniumhq\selenium\selenium-firefox-driver\4.25.0\selenium-firefox-driver-4.25.0.jar;H:\Users\shaki\.m2\repository\org\seleniumhq\selenium\selenium-http\4.25.0\selenium-http-4.25.0.jar;H:\Users\shaki\.m2\repository\dev\failsafe\failsafe\3.3.2\failsafe-3.3.2.jar;H:\Users\shaki\.m2\repository\org\seleniumhq\selenium\selenium-ie-driver\4.25.0\selenium-ie-driver-4.25.0.jar;H:\Users\shaki\.m2\repository\org\seleniumhq\selenium\selenium-remote-driver\4.25.0\selenium-remote-driver-4.25.0.jar;H:\Users\shaki\.m2\repository\com\google\guava\guava\33.3.0-jre\guava-33.3.0-jre.jar;H:\Users\shaki\.m2\repository\com\google\guava\failureaccess\1.0.2\failureaccess-1.0.2.jar;H:\Users\shaki\.m2\repository\com\google\guava\listenablefuture\9999.0-empty-to-avoid-conflict-with-guava\listenablefuture-9999.0-empty-to-avoid-conflict-with-guava.jar;H:\Users\shaki\.m2\repository\com\google\code\findbugs\jsr305\3.0.2\jsr305-3.0.2.jar;H:\Users\shaki\.m2\repository\org\checkerframework\checker-qual\3.43.0\checker-qual-3.43.0.jar;H:\Users\shaki\.m2\repository\com\google\errorprone\error_prone_annotations\2.28.0\error_prone_annotations-2.28.0.jar;H:\Users\shaki\.m2\repository\com\google\j2objc\j2objc-annotations\3.0.0\j2objc-annotations-3.0.0.jar;H:\Users\shaki\.m2\repository\io\opentelemetry\semconv\opentelemetry-semconv\1.25.0-alpha\opentelemetry-semconv-1.25.0-alpha.jar;H:\Users\shaki\.m2\repository\io\opentelemetry\opentelemetry-api\1.42.1\opentelemetry-api-1.42.1.jar;H:\Users\shaki\.m2\repository\io\opentelemetry\opentelemetry-context\1.42.1\opentelemetry-context-1.42.1.jar;H:\Users\shaki\.m2\repository\io\opentelemetry\opentelemetry-exporter-logging\1.42.1\opentelemetry-exporter-logging-1.42.1.jar;H:\Users\shaki\.m2\repository\io\opentelemetry\opentelemetry-sdk-common\1.42.1\opentelemetry-sdk-common-1.42.1.jar;H:\Users\shaki\.m2\repository\io\opentelemetry\opentelemetry-sdk-extension-autoconfigure-spi\1.42.1\opentelemetry-sdk-extension-autoconfigure-spi-1.42.1.jar;H:\Users\shaki\.m2\repository\io\opentelemetry\opentelemetry-sdk-extension-autoconfigure\1.42.1\opentelemetry-sdk-extension-autoconfigure-1.42.1.jar;H:\Users\shaki\.m2\repository\io\opentelemetry\opentelemetry-api-incubator\1.42.1-alpha\opentelemetry-api-incubator-1.42.1-alpha.jar;H:\Users\shaki\.m2\repository\io\opentelemetry\opentelemetry-sdk-trace\1.42.1\opentelemetry-sdk-trace-1.42.1.jar;H:\Users\shaki\.m2\repository\io\opentelemetry\opentelemetry-sdk\1.42.1\opentelemetry-sdk-1.42.1.jar;H:\Users\shaki\.m2\repository\io\opentelemetry\opentelemetry-sdk-metrics\1.42.1\opentelemetry-sdk-metrics-1.42.1.jar;H:\Users\shaki\.m2\repository\io\opentelemetry\opentelemetry-sdk-logs\1.42.1\opentelemetry-sdk-logs-1.42.1.jar;H:\Users\shaki\.m2\repository\net\bytebuddy\byte-buddy\1.15.1\byte-buddy-1.15.1.jar;H:\Users\shaki\.m2\repository\org\seleniumhq\selenium\selenium-os\4.25.0\selenium-os-4.25.0.jar;H:\Users\shaki\.m2\repository\org\apache\commons\commons-exec\1.4.0\commons-exec-1.4.0.jar;H:\Users\shaki\.m2\repository\org\seleniumhq\selenium\selenium-safari-driver\4.25.0\selenium-safari-driver-4.25.0.jar;H:\Users\shaki\.m2\repository\org\seleniumhq\selenium\selenium-support\4.25.0\selenium-support-4.25.0.jar;H:\Users\shaki\.m2\repository\org\testng\testng\7.8.0\testng-7.8.0.jar;H:\Users\shaki\.m2\repository\org\slf4j\slf4j-api\1.7.36\slf4j-api-1.7.36.jar;H:\Users\shaki\.m2\repository\com\beust\jcommander\1.82\jcommander-1.82.jar;H:\Users\shaki\.m2\repository\org\webjars\jquery\3.6.1\jquery-3.6.1.jar;H:\Users\shaki\.m2\repository\org\apache\poi\poi\5.2.3\poi-5.2.3.jar;H:\Users\shaki\.m2\repository\commons-codec\commons-codec\1.15\commons-codec-1.15.jar;H:\Users\shaki\.m2\repository\org\apache\commons\commons-collections4\4.4\commons-collections4-4.4.jar;H:\Users\shaki\.m2\repository\org\apache\commons\commons-math3\3.6.1\commons-math3-3.6.1.jar;H:\Users\shaki\.m2\repository\commons-io\commons-io\2.11.0\commons-io-2.11.0.jar;H:\Users\shaki\.m2\repository\com\zaxxer\SparseBitSet\1.2\SparseBitSet-1.2.jar;H:\Users\shaki\.m2\repository\org\apache\logging\log4j\log4j-api\2.18.0\log4j-api-2.18.0.jar;H:\Users\shaki\.m2\repository\org\apache\poi\poi-ooxml\5.2.3\poi-ooxml-5.2.3.jar;H:\Users\shaki\.m2\repository\org\apache\poi\poi-ooxml-lite\5.2.3\poi-ooxml-lite-5.2.3.jar;H:\Users\shaki\.m2\repository\org\apache\xmlbeans\xmlbeans\5.1.1\xmlbeans-5.1.1.jar;H:\Users\shaki\.m2\repository\org\apache\commons\commons-compress\1.21\commons-compress-1.21.jar;H:\Users\shaki\.m2\repository\com\github\virtuald\curvesapi\1.07\curvesapi-1.07.jar;"/>
    <property name="sun.cpu.endian" value="little"/>
    <property name="user.home" value="H:\Users\shaki"/>
    <property name="user.language" value="en"/>
    <property name="java.specification.vendor" value="Oracle Corporation"/>
    <property name="java.version.date" value="2024-04-16"/>
    <property name="java.home" value="H:\Users\shaki\.p2\pool\plugins\org.eclipse.justj.openjdk.hotspot.jre.full.win32.x86_64_22.0.1.v20240426-1149\jre"/>
    <property name="file.separator" value="\"/>
    <property name="basedir" value="H:\Users\shaki\eclipse-workspace\SeleniumProject1"/>
    <property name="style.color" value="always"/>
    <property name="java.vm.compressedOopsMode" value="Zero based"/>
    <property name="line.separator" value="&#10;"/>
    <property name="java.vm.specification.vendor" value="Oracle Corporation"/>
    <property name="java.specification.name" value="Java Platform API Specification"/>
    <property name="surefire.real.class.path" value="H:\Users\shaki\AppData\Local\Temp\surefire11685538572567257443\surefirebooter-20241003192506660_3.jar"/>
    <property name="user.script" value=""/>
    <property name="sun.management.compiler" value="HotSpot 64-Bit Tiered Compilers"/>
    <property name="java.runtime.version" value="22.0.1+8"/>
    <property name="user.name" value="shaki"/>
    <property name="stdout.encoding" value="Cp1252"/>
    <property name="path.separator" value=";"/>
    <property name="os.version" value="10.0"/>
    <property name="java.runtime.name" value="OpenJDK Runtime Environment"/>
    <property name="file.encoding" value="UTF-8"/>
    <property name="java.vm.name" value="OpenJDK 64-Bit Server VM"/>
    <property name="java.vendor.version" value="Temurin-22.0.1+8"/>
    <property name="localRepository" value="H:\Users\shaki\.m2\repository"/>
    <property name="java.vendor.url.bug" value="https://github.com/adoptium/adoptium-support/issues"/>
    <property name="java.io.tmpdir" value="H:\Users\shaki\AppData\Local\Temp\"/>
    <property name="java.version" value="22.0.1"/>
    <property name="user.dir" value="H:\Users\shaki\eclipse-workspace\SeleniumProject1"/>
    <property name="os.arch" value="amd64"/>
    <property name="java.vm.specification.name" value="Java Virtual Machine Specification"/>
    <property name="sun.os.patch.level" value=""/>
    <property name="native.encoding" value="Cp1252"/>
    <property name="java.library.path" value="H:\Users\shaki\.p2\pool\plugins\org.eclipse.justj.openjdk.hotspot.jre.full.win32.x86_64_22.0.1.v20240426-1149\jre\bin;H:\WINDOWS\Sun\Java\bin;H:\WINDOWS\system32;H:\WINDOWS;H:/Users/shaki/.p2/pool/plugins/org.eclipse.justj.openjdk.hotspot.jre.full.win32.x86_64_22.0.1.v20240426-1149/jre/bin/server;H:/Users/shaki/.p2/pool/plugins/org.eclipse.justj.openjdk.hotspot.jre.full.win32.x86_64_22.0.1.v20240426-1149/jre/bin;H:\WINDOWS\system32;H:\WINDOWS;H:\WINDOWS\System32\Wbem;H:\WINDOWS\System32\WindowsPowerShell\v1.0\;H:\WINDOWS\System32\OpenSSH\;H:\Program Files\nodejs\;H:\Program Files (x86)\Microsoft SQL Server\160\DTS\Binn\;H:\Program Files\Git\cmd;H:\Program Files\Microsoft SQL Server\Client SDK\ODBC\130\Tools\Binn\;H:\Program Files (x86)\Microsoft SQL Server\140\Tools\Binn\;H:\Program Files\Microsoft SQL Server\140\Tools\Binn\;H:\Program Files\Microsoft SQL Server\140\DTS\Binn\;H:\Users\shaki\AppData\Local\Microsoft\WindowsApps;H:\Users\shaki\AppData\Local\Programs\Microsoft VS Code\bin;H:\Users\shaki\AppData\Roaming\npm;H:\WINDOWS\System32;;."/>
    <property name="java.vm.info" value="mixed mode"/>
    <property name="stderr.encoding" value="Cp1252"/>
    <property name="java.vendor" value="Eclipse Adoptium"/>
    <property name="java.vm.version" value="22.0.1+8"/>
    <property name="sun.io.unicode.encoding" value="UnicodeLittle"/>
    <property name="java.class.version" value="66.0"/>
  </properties>
  <testcase name="New_User[9326623495, Amzpwd@10138789](1)" classname="seleniumpackage1.SeleniumProject1.Registration_test" time="2.163">
    <system-err><![CDATA[SLF4J: Failed to load class "org.slf4j.impl.StaticLoggerBinder".
SLF4J: Defaulting to no-operation (NOP) logger implementation
SLF4J: See http://www.slf4j.org/codes.html#StaticLoggerBinder for further details.
ERROR StatusLogger Log4j2 could not find a logging implementation. Please add log4j-core to the classpath. Using SimpleLogger to log to the console...
]]></system-err>
  </testcase>
  <testcase name="New_User[9392661546, Abc](2)" classname="seleniumpackage1.SeleniumProject1.Registration_test" time="2.335"/>
  <testcase name="Create_New_Account" classname="seleniumpackage1.SeleniumProject1.Homepage_ClickSignin_Amazon" time="1.518"/>
  <testcase name="Login" classname="seleniumpackage1.SeleniumProject1.Login_To_Amazon_test" time="0">
    <skipped message="sorry expected [Amazon_login] but found [Online Shopping site in India: Shop Online for Mobiles, Books, Watches, Shoes and More - Amazon.in]"/>
  </testcase>
  <testcase name="Login" classname="seleniumpackage1.SeleniumProject1.Login_To_Amazon_test" time="8.752">
    <failure message="sorry expected [Amazon_login] but found [Online Shopping site in India: Shop Online for Mobiles, Books, Watches, Shoes and More - Amazon.in]" type="java.lang.AssertionError"><![CDATA[java.lang.AssertionError: sorry expected [Amazon_login] but found [Online Shopping site in India: Shop Online for Mobiles, Books, Watches, Shoes and More - Amazon.in]
	at org.testng.Assert.fail(Assert.java:111)
	at org.testng.Assert.failNotEquals(Assert.java:1578)
	at org.testng.Assert.assertEqualsImpl(Assert.java:150)
	at org.testng.Assert.assertEquals(Assert.java:132)
	at org.testng.Assert.assertEquals(Assert.java:656)
	at seleniumpackage1.SeleniumProject1.Login_To_Amazon_test.Login(Login_To_Amazon_test.java:19)
	at java.base/jdk.internal.reflect.DirectMethodHandleAccessor.invoke(DirectMethodHandleAccessor.java:103)
	at java.base/java.lang.reflect.Method.invoke(Method.java:580)
	at org.testng.internal.invokers.MethodInvocationHelper.invokeMethod(MethodInvocationHelper.java:139)
	at org.testng.internal.invokers.TestInvoker.invokeMethod(TestInvoker.java:664)
	at org.testng.internal.invokers.TestInvoker.retryFailed(TestInvoker.java:248)
	at org.testng.internal.invokers.MethodRunner.runInSequence(MethodRunner.java:62)
	at org.testng.internal.invokers.TestInvoker$MethodInvocationAgent.invoke(TestInvoker.java:957)
	at org.testng.internal.invokers.TestInvoker.invokeTestMethods(TestInvoker.java:200)
	at org.testng.internal.invokers.TestMethodWorker.invokeTestMethods(TestMethodWorker.java:148)
	at org.testng.internal.invokers.TestMethodWorker.run(TestMethodWorker.java:128)
	at java.base/java.util.ArrayList.forEach(ArrayList.java:1597)
	at org.testng.TestRunner.privateRun(TestRunner.java:848)
	at org.testng.TestRunner.run(TestRunner.java:621)
	at org.testng.SuiteRunner.runTest(SuiteRunner.java:443)
	at org.testng.SuiteRunner.runSequentially(SuiteRunner.java:437)
	at org.testng.SuiteRunner.privateRun(SuiteRunner.java:397)
	at org.testng.SuiteRunner.run(SuiteRunner.java:336)
	at org.testng.SuiteRunnerWorker.runSuite(SuiteRunnerWorker.java:52)
	at org.testng.SuiteRunnerWorker.run(SuiteRunnerWorker.java:95)
	at org.testng.TestNG.runSuitesSequentially(TestNG.java:1280)
	at org.testng.TestNG.runSuitesLocally(TestNG.java:1200)
	at org.testng.TestNG.runSuites(TestNG.java:1114)
	at org.testng.TestNG.run(TestNG.java:1082)
	at org.apache.maven.surefire.testng.TestNGExecutor.run(TestNGExecutor.java:324)
	at org.apache.maven.surefire.testng.TestNGXmlTestSuite.execute(TestNGXmlTestSuite.java:74)
	at org.apache.maven.surefire.testng.TestNGProvider.invoke(TestNGProvider.java:123)
	at org.apache.maven.surefire.booter.ForkedBooter.runSuitesInProcess(ForkedBooter.java:456)
	at org.apache.maven.surefire.booter.ForkedBooter.execute(ForkedBooter.java:169)
	at org.apache.maven.surefire.booter.ForkedBooter.run(ForkedBooter.java:595)
	at org.apache.maven.surefire.booter.ForkedBooter.main(ForkedBooter.java:581)
]]></failure>
  </testcase>
  <testcase name="Edit_Profile" classname="seleniumpackage1.SeleniumProject1.Edit_Profile_test" time="17.36"/>
  <testcase name="Search_Product" classname="seleniumpackage1.SeleniumProject1.SearchPage_test" time="11.016"/>
</testsuite>