<?xml version="1.0" encoding="UTF-8"?>
<!-- Generated by org.testng.reporters.JUnitReportReporter -->
<testsuite hostname="DESKTOP-BDB4V8B" failures="0" tests="2" name="seleniumpackage1.SeleniumProject1.Registration_test" time="12.956" errors="0" timestamp="2024-10-03T19:20:40 EDT" skipped="0">
  <testcase classname="seleniumpackage1.SeleniumProject1.Registration_test" name="New_User" time="5.782"/>
  <system-out>
    <![CDATA[Test case passed]]>
  </system-out>
  <testcase classname="seleniumpackage1.SeleniumProject1.Registration_test" name="New_User" time="7.174"/>
  <system-out>
    <![CDATA[Test case passed]]>
  </system-out>
</testsuite> <!-- seleniumpackage1.SeleniumProject1.Registration_test -->
