<?xml version="1.0" encoding="UTF-8"?>
<!-- Generated by org.testng.reporters.JUnitReportReporter -->
<testsuite hostname="DESKTOP-BDB4V8B" failures="0" tests="1" name="seleniumpackage1.SeleniumProject1.SearchPage_test" time="18.271" errors="0" timestamp="2024-10-03T19:20:40 EDT" skipped="0">
  <testcase classname="seleniumpackage1.SeleniumProject1.SearchPage_test" name="Search_Product" time="18.271"/>
  <system-out>
    <![CDATA[Test case passed]]>
  </system-out>
</testsuite> <!-- seleniumpackage1.SeleniumProject1.SearchPage_test -->
