<?xml version="1.0" encoding="UTF-8"?>
<!-- Generated by org.testng.reporters.JUnitReportReporter -->
<testsuite hostname="DESKTOP-BDB4V8B" failures="0" tests="1" name="seleniumpackage1.SeleniumProject1.Edit_Profile_test" time="22.870" errors="0" timestamp="2024-10-03T19:20:40 EDT" skipped="0">
  <testcase classname="seleniumpackage1.SeleniumProject1.Edit_Profile_test" name="Edit_Profile" time="22.870"/>
  <system-out>
    <![CDATA[Test case passed]]>
  </system-out>
</testsuite> <!-- seleniumpackage1.SeleniumProject1.Edit_Profile_test -->
