<?xml version="1.0" encoding="UTF-8"?>
<!-- Generated by org.testng.reporters.JUnitReportReporter -->
<testsuite hostname="DESKTOP-BDB4V8B" failures="0" tests="1" name="seleniumpackage1.SeleniumProject1.Registration_To_Amazon" time="6.163" errors="0" timestamp="2024-09-24T14:52:30 EDT" skipped="0">
  <testcase classname="seleniumpackage1.SeleniumProject1.Registration_To_Amazon" name="Create_New_Account" time="6.163"/>
</testsuite> <!-- seleniumpackage1.SeleniumProject1.Registration_To_Amazon -->
