<?xml version="1.0" encoding="UTF-8"?>
<!-- Generated by org.testng.reporters.JUnitReportReporter -->
<testsuite hostname="DESKTOP-BDB4V8B" failures="0" tests="2" name="seleniumpackage1.SeleniumProject1.Registration_test" time="12.246" errors="0" timestamp="2024-10-03T19:26:37 EDT" skipped="0">
  <testcase classname="seleniumpackage1.SeleniumProject1.Registration_test" name="New_User" time="5.868">
    <system-out>
      <![CDATA[Test case passed]]>
    </system-out>
  </testcase> <!-- New_User -->
  <testcase classname="seleniumpackage1.SeleniumProject1.Registration_test" name="New_User" time="6.378">
    <system-out>
      <![CDATA[Test case passed]]>
    </system-out>
  </testcase> <!-- New_User -->
  <system-out>
    <![CDATA[Test case passed
Test case passed
Test case passed
Test case failed
Test case passed
Test case passed]]>
  </system-out>
</testsuite> <!-- seleniumpackage1.SeleniumProject1.Registration_test -->
