<?xml version="1.0" encoding="UTF-8"?>
<!-- Generated by org.testng.reporters.JUnitReportReporter -->
<testsuite hostname="DESKTOP-BDB4V8B" failures="0" tests="1" name="seleniumpackage1.SeleniumProject1.SearchPage_test" time="15.611" errors="0" timestamp="2024-10-03T19:26:37 EDT" skipped="0">
  <testcase classname="seleniumpackage1.SeleniumProject1.SearchPage_test" name="Search_Product" time="15.611">
    <system-out>
      <![CDATA[Test case passed]]>
    </system-out>
  </testcase> <!-- Search_Product -->
  <system-out>
    <![CDATA[Test case passed
Test case passed
Test case passed
Test case failed
Test case passed
Test case passed]]>
  </system-out>
</testsuite> <!-- seleniumpackage1.SeleniumProject1.SearchPage_test -->
