<?xml version="1.0" encoding="UTF-8"?>
<!-- Generated by org.testng.reporters.JUnitReportReporter -->
<testsuite hostname="DESKTOP-BDB4V8B" failures="0" tests="1" name="seleniumpackage1.SeleniumProject1.Homepage_ClickSignin_Amazon" time="6.219" errors="0" timestamp="2024-10-03T19:26:37 EDT" skipped="0">
  <testcase classname="seleniumpackage1.SeleniumProject1.Homepage_ClickSignin_Amazon" name="Create_New_Account" time="6.219">
    <system-out>
      <![CDATA[Test case passed]]>
    </system-out>
  </testcase> <!-- Create_New_Account -->
  <system-out>
    <![CDATA[Test case passed
Test case passed
Test case passed
Test case failed
Test case passed
Test case passed]]>
  </system-out>
</testsuite> <!-- seleniumpackage1.SeleniumProject1.Homepage_ClickSignin_Amazon -->
